<?xml version="1.0" encoding="UTF-8"?>
<!-- Generated by org.testng.reporters.JUnitXMLReporter -->
<testsuite ignored="0" hostname="DESKTOP-U5SUVO0" failures="1" tests="3" name="SS_Electronics_50_To_55" time="74.894" errors="0" timestamp="2024-03-28T15:50:14 IST">
  <testcase classname="SS_Login_01.LoginTextCase_Test" name="login" time="18.976"/>
  <testcase classname="Util.SS_Electronics_Test" name="TestCase" time="19.535"/>
  <testcase classname="Util.SS_Electronics_46_Test" name="TestCase_46" time="30.103">
    <failure type="java.lang.AssertionError" message="PASSED did not expect [rgba(0, 0, 0, 0.87)] but found [rgba(0, 0, 0, 0.87)]">
      <![CDATA[java.lang.AssertionError: PASSED did not expect [rgba(0, 0, 0, 0.87)] but found [rgba(0, 0, 0, 0.87)]
at Util.SS_Electronics_46_Test.TestCase_46(SS_Electronics_46_Test.java:49)
at java.base/java.util.ArrayList.forEach(ArrayList.java:1511)
... Removed 31 stack frames]]>
    </failure>
  </testcase> <!-- TestCase_46 -->
</testsuite> <!-- SS_Electronics_50_To_55 -->
