<?xml version="1.0" encoding="UTF-8"?>
<!-- Generated by org.testng.reporters.JUnitXMLReporter -->
<testsuite ignored="0" hostname="DESKTOP-U5SUVO0" failures="1" tests="3" name="SS_Electronics_56" time="100.039" errors="0" timestamp="2024-03-28T17:20:01 IST">
  <testcase classname="SS_Login_01.LoginTextCase_Test" name="login" time="15.009"/>
  <testcase classname="Util.SS_Electronics_Test" name="TestCase" time="19.566"/>
  <testcase classname="Util.SS_Electronics_56_Test" name="TestCase_56" time="59.952">
    <failure type="org.openqa.selenium.NoSuchElementException" message="Cannot locate option with value: Maharashtra
For documentation on this error, please visit: https://www.selenium.dev/documentation/webdriver/troubleshooting/errors#no-such-element-exception
Build info: version: &amp;apos;4.18.1&amp;apos;, revision: &amp;apos;b1d3319b48&amp;apos;
System info: os.name: &amp;apos;Windows 10&amp;apos;, os.arch: &amp;apos;amd64&amp;apos;, os.version: &amp;apos;10.0&amp;apos;, java.version: &amp;apos;17.0.2&amp;apos;
Driver info: driver.version: unknown">
      <![CDATA[org.openqa.selenium.NoSuchElementException: Cannot locate option with value: Maharashtra
For documentation on this error, please visit: https://www.selenium.dev/documentation/webdriver/troubleshooting/errors#no-such-element-exception
Build info: version: '4.18.1', revision: 'b1d3319b48'
System info: os.name: 'Windows 10', os.arch: 'amd64', os.version: '10.0', java.version: '17.0.2'
Driver info: driver.version: unknown
at org.openqa.selenium.support.ui.Select.findOptionsByValue(Select.java:289)
at org.openqa.selenium.support.ui.Select.selectByValue(Select.java:194)
at Util.SS_Electronics_56_Test.TestCase_56(SS_Electronics_56_Test.java:44)
at java.base/java.util.ArrayList.forEach(ArrayList.java:1511)
... Removed 27 stack frames]]>
    </failure>
  </testcase> <!-- TestCase_56 -->
</testsuite> <!-- SS_Electronics_56 -->
