<?xml version="1.0" encoding="UTF-8"?>
<!-- Generated by org.testng.reporters.JUnitXMLReporter -->
<testsuite ignored="0" hostname="DESKTOP-U5SUVO0" failures="1" tests="3" name="SS_Electronics_From_45_To_50" time="154.142" errors="0" timestamp="2024-03-28T15:07:26 IST">
  <testcase classname="SS_Login_01.LoginTextCase_Test" name="login" time="52.673"/>
  <testcase classname="Util.SS_Electronics_Test" name="TestCase" time="19.549"/>
  <testcase classname="Util.SS_Electronics_45_Test" name="TestCase_45" time="73.851">
    <failure type="java.lang.IllegalArgumentException" message="Keys to send should be a not null CharSequence">
      <![CDATA[java.lang.IllegalArgumentException: Keys to send should be a not null CharSequence
at org.openqa.selenium.remote.RemoteWebElement.sendKeys(RemoteWebElement.java:96)
at org.openqa.selenium.support.pagefactory.internal.LocatingElementHandler.invoke(LocatingElementHandler.java:51)
at jdk.proxy2/jdk.proxy2.$Proxy12.sendKeys(Unknown Source)
at Util.SS_Electronics_45_Test.TestCase_45(SS_Electronics_45_Test.java:46)
at java.base/java.util.ArrayList.forEach(ArrayList.java:1511)
... Removed 31 stack frames]]>
    </failure>
  </testcase> <!-- TestCase_45 -->
</testsuite> <!-- SS_Electronics_From_45_To_50 -->
